<?xml version='1.0'?>
<ns2:test-suite xmlns:ns2='urn:model.allure.qatools.yandex.ru' start='1537787267051' stop='1537787311269'>
    <name>Automate Login Functionality with all possible scenario</name>
    <title>Automate Login Functionality with all possible scenario</title>
    <test-cases>
        <test-case start='1537787267051' status='failed' stop='1537787279753'>
            <name>Login without Username</name>
            <title>Login without Username</title>
            <labels/>
            <parameters/>
            <steps/>
            <attachments>
                <attachment title='Screenshot' source='dc3cd675-9ad5-4a37-8ef6-9b54aa46e58b-attachment.png' type='image/png' size='106806'/>
            </attachments>
            <failure>
                <message>Expected null to equal 'The Username field is required.'.</message>
                <stack-trace>Error: Failed expectation
                    at LoginPage.getErrorMessage (E:\Pawan_Project\e2e_project\e2e_venminder_poc\e2e\Pages\LoginPage.ts:27:25)
                    at UserContext.&lt;anonymous> (E:\Pawan_Project\e2e_project\e2e_venminder_poc\e2e\tests\LoginTest.ts:10:19)
                    at C:\Users\pawan.singh\AppData\Roaming\npm\node_modules\protractor\node_modules\jasminewd2\index.js:112:25
                    at new ManagedPromise (C:\Users\pawan.singh\AppData\Roaming\npm\node_modules\protractor\node_modules\selenium-webdriver\lib\promise.js:1077:7)
                    at ControlFlow.promise (C:\Users\pawan.singh\AppData\Roaming\npm\node_modules\protractor\node_modules\selenium-webdriver\lib\promise.js:2505:12)
                    at schedulerExecute (C:\Users\pawan.singh\AppData\Roaming\npm\node_modules\protractor\node_modules\jasminewd2\index.js:95:18)
                    at TaskQueue.execute_ (C:\Users\pawan.singh\AppData\Roaming\npm\node_modules\protractor\node_modules\selenium-webdriver\lib\promise.js:3084:14)
                    at TaskQueue.executeNext_ (C:\Users\pawan.singh\AppData\Roaming\npm\node_modules\protractor\node_modules\selenium-webdriver\lib\promise.js:3067:27)
                    at asyncRun (C:\Users\pawan.singh\AppData\Roaming\npm\node_modules\protractor\node_modules\selenium-webdriver\lib\promise.js:2927:27)</stack-trace>
            </failure>
        </test-case>
        <test-case start='1537787279753' status='failed' stop='1537787285754'>
            <name>Login without Password</name>
            <title>Login without Password</title>
            <labels/>
            <parameters/>
            <steps/>
            <attachments>
                <attachment title='Screenshot' source='3a93c241-e532-4e14-9598-11ff30b6dfcd-attachment.png' type='image/png' size='106775'/>
            </attachments>
            <failure>
                <message>Expected null to equal 'The Password field is required.'.</message>
                <stack-trace>Error: Failed expectation
                    at LoginPage.getErrorMessage (E:\Pawan_Project\e2e_project\e2e_venminder_poc\e2e\Pages\LoginPage.ts:27:25)
                    at UserContext.&lt;anonymous> (E:\Pawan_Project\e2e_project\e2e_venminder_poc\e2e\tests\LoginTest.ts:17:19)
                    at C:\Users\pawan.singh\AppData\Roaming\npm\node_modules\protractor\node_modules\jasminewd2\index.js:112:25
                    at new ManagedPromise (C:\Users\pawan.singh\AppData\Roaming\npm\node_modules\protractor\node_modules\selenium-webdriver\lib\promise.js:1077:7)
                    at ControlFlow.promise (C:\Users\pawan.singh\AppData\Roaming\npm\node_modules\protractor\node_modules\selenium-webdriver\lib\promise.js:2505:12)
                    at schedulerExecute (C:\Users\pawan.singh\AppData\Roaming\npm\node_modules\protractor\node_modules\jasminewd2\index.js:95:18)
                    at TaskQueue.execute_ (C:\Users\pawan.singh\AppData\Roaming\npm\node_modules\protractor\node_modules\selenium-webdriver\lib\promise.js:3084:14)
                    at TaskQueue.executeNext_ (C:\Users\pawan.singh\AppData\Roaming\npm\node_modules\protractor\node_modules\selenium-webdriver\lib\promise.js:3067:27)
                    at asyncRun (C:\Users\pawan.singh\AppData\Roaming\npm\node_modules\protractor\node_modules\selenium-webdriver\lib\promise.js:2974:25)</stack-trace>
            </failure>
        </test-case>
        <test-case start='1537787285754' status='failed' stop='1537787311269'>
            <name>Login with valid Username and Password</name>
            <title>Login with valid Username and Password</title>
            <labels/>
            <parameters/>
            <steps/>
            <attachments/>
            <failure>
                <message>Failed: no such window: target window already closed
                from unknown error: web view not found
                  (Session info: chrome=69.0.3497.100)
                  (Driver info: chromedriver=2.42.591088 (7b2b2dca23cca0862f674758c9a3933e685c27d5),platform=Windows NT 10.0.17134 x86_64)</message>
                <stack-trace>NoSuchWindowError: no such window: target window already closed
                from unknown error: web view not found
                  (Session info: chrome=69.0.3497.100)
                  (Driver info: chromedriver=2.42.591088 (7b2b2dca23cca0862f674758c9a3933e685c27d5),platform=Windows NT 10.0.17134 x86_64)
                    at Object.checkLegacyResponse (C:\Users\pawan.singh\AppData\Roaming\npm\node_modules\protractor\node_modules\selenium-webdriver\lib\error.js:546:15)
                    at parseHttpResponse (C:\Users\pawan.singh\AppData\Roaming\npm\node_modules\protractor\node_modules\selenium-webdriver\lib\http.js:509:13)
                    at doSend.then.response (C:\Users\pawan.singh\AppData\Roaming\npm\node_modules\protractor\node_modules\selenium-webdriver\lib\http.js:441:30)
                    at process._tickCallback (internal/process/next_tick.js:68:7)
                From: Task: WebDriver.getTitle()
                    at Driver.schedule (C:\Users\pawan.singh\AppData\Roaming\npm\node_modules\protractor\node_modules\selenium-webdriver\lib\webdriver.js:807:17)
                    at Driver.getTitle (C:\Users\pawan.singh\AppData\Roaming\npm\node_modules\protractor\node_modules\selenium-webdriver\lib\webdriver.js:1000:17)
                    at run (C:\Users\pawan.singh\AppData\Roaming\npm\node_modules\protractor\built\browser.js:59:33)
                    at ManagedPromise.invokeCallback_ (C:\Users\pawan.singh\AppData\Roaming\npm\node_modules\protractor\node_modules\selenium-webdriver\lib\promise.js:1376:14)
                    at TaskQueue.execute_ (C:\Users\pawan.singh\AppData\Roaming\npm\node_modules\protractor\node_modules\selenium-webdriver\lib\promise.js:3084:14)
                    at TaskQueue.executeNext_ (C:\Users\pawan.singh\AppData\Roaming\npm\node_modules\protractor\node_modules\selenium-webdriver\lib\promise.js:3067:27)
                    at asyncRun (C:\Users\pawan.singh\AppData\Roaming\npm\node_modules\protractor\node_modules\selenium-webdriver\lib\promise.js:2927:27)
                    at C:\Users\pawan.singh\AppData\Roaming\npm\node_modules\protractor\node_modules\selenium-webdriver\lib\promise.js:668:7
                From: Task: Run it("Login with valid Username and Password") in control flow
                    at UserContext.&lt;anonymous> (C:\Users\pawan.singh\AppData\Roaming\npm\node_modules\protractor\node_modules\jasminewd2\index.js:94:19)
                    at attempt (C:\Users\pawan.singh\AppData\Roaming\npm\node_modules\protractor\node_modules\jasmine-core\lib\jasmine-core\jasmine.js:4297:26)
                    at QueueRunner.run (C:\Users\pawan.singh\AppData\Roaming\npm\node_modules\protractor\node_modules\jasmine-core\lib\jasmine-core\jasmine.js:4217:20)
                    at QueueRunner.execute (C:\Users\pawan.singh\AppData\Roaming\npm\node_modules\protractor\node_modules\jasmine-core\lib\jasmine-core\jasmine.js:4199:10)
                    at Spec.queueRunnerFactory (C:\Users\pawan.singh\AppData\Roaming\npm\node_modules\protractor\node_modules\jasmine-core\lib\jasmine-core\jasmine.js:909:35)
                    at Spec.execute (C:\Users\pawan.singh\AppData\Roaming\npm\node_modules\protractor\node_modules\jasmine-core\lib\jasmine-core\jasmine.js:526:10)
                    at UserContext.fn (C:\Users\pawan.singh\AppData\Roaming\npm\node_modules\protractor\node_modules\jasmine-core\lib\jasmine-core\jasmine.js:5340:37)
                    at attempt (C:\Users\pawan.singh\AppData\Roaming\npm\node_modules\protractor\node_modules\jasmine-core\lib\jasmine-core\jasmine.js:4297:26)
                    at QueueRunner.run (C:\Users\pawan.singh\AppData\Roaming\npm\node_modules\protractor\node_modules\jasmine-core\lib\jasmine-core\jasmine.js:4217:20)
                    at runNext (C:\Users\pawan.singh\AppData\Roaming\npm\node_modules\protractor\node_modules\jasmine-core\lib\jasmine-core\jasmine.js:4257:20)
                From asynchronous test: 
                Error
                    at Suite.&lt;anonymous> (E:\Pawan_Project\e2e_project\e2e_venminder_poc\e2e\tests\LoginTest.ts:22:5)
                    at addSpecsToSuite (C:\Users\pawan.singh\AppData\Roaming\npm\node_modules\protractor\node_modules\jasmine-core\lib\jasmine-core\jasmine.js:1107:25)
                    at Env.describe (C:\Users\pawan.singh\AppData\Roaming\npm\node_modules\protractor\node_modules\jasmine-core\lib\jasmine-core\jasmine.js:1074:7)
                    at describe (C:\Users\pawan.singh\AppData\Roaming\npm\node_modules\protractor\node_modules\jasmine-core\lib\jasmine-core\jasmine.js:4399:18)
                    at Object.&lt;anonymous> (E:\Pawan_Project\e2e_project\e2e_venminder_poc\e2e\tests\LoginTest.ts:4:1)
                    at Module._compile (internal/modules/cjs/loader.js:689:30)
                    at Module.m._compile (E:\Pawan_Project\e2e_project\e2e_venminder_poc\node_modules\ts-node\src\index.ts:410:23)
                    at Module._extensions..js (internal/modules/cjs/loader.js:700:10)
                    at Object.require.extensions.(anonymous function) [as .ts] (E:\Pawan_Project\e2e_project\e2e_venminder_poc\node_modules\ts-node\src\index.ts:413:12)</stack-trace>
            </failure>
        </test-case>
    </test-cases>
</ns2:test-suite>