<?xml version='1.0'?>
<ns2:test-suite xmlns:ns2='urn:model.allure.qatools.yandex.ru' start='1537787864194' stop='1537787915420'>
    <name>Automate Login Functionality with all possible scenario</name>
    <title>Automate Login Functionality with all possible scenario</title>
    <test-cases>
        <test-case start='1537787864195' status='failed' stop='1537787876534'>
            <name>Login without Username</name>
            <title>Login without Username</title>
            <labels/>
            <parameters/>
            <steps/>
            <attachments>
                <attachment title='Screenshot' source='c72acb7a-f058-4774-bb22-603554dc05ce-attachment.png' type='image/png' size='106775'/>
            </attachments>
            <failure>
                <message>Expected Object({  }) to equal 'The Username field is required.'.</message>
                <stack-trace>Error: Failed expectation
                    at LoginPage.getErrorMessage (E:\Pawan_Project\e2e_project\e2e_venminder_poc\e2e\Pages\LoginPage.ts:27:25)
                    at UserContext.&lt;anonymous> (E:\Pawan_Project\e2e_project\e2e_venminder_poc\e2e\tests\LoginTest.ts:10:19)
                    at C:\Users\pawan.singh\AppData\Roaming\npm\node_modules\protractor\node_modules\jasminewd2\index.js:112:25
                    at new ManagedPromise (C:\Users\pawan.singh\AppData\Roaming\npm\node_modules\protractor\node_modules\selenium-webdriver\lib\promise.js:1077:7)
                    at ControlFlow.promise (C:\Users\pawan.singh\AppData\Roaming\npm\node_modules\protractor\node_modules\selenium-webdriver\lib\promise.js:2505:12)
                    at schedulerExecute (C:\Users\pawan.singh\AppData\Roaming\npm\node_modules\protractor\node_modules\jasminewd2\index.js:95:18)
                    at TaskQueue.execute_ (C:\Users\pawan.singh\AppData\Roaming\npm\node_modules\protractor\node_modules\selenium-webdriver\lib\promise.js:3084:14)
                    at TaskQueue.executeNext_ (C:\Users\pawan.singh\AppData\Roaming\npm\node_modules\protractor\node_modules\selenium-webdriver\lib\promise.js:3067:27)
                    at asyncRun (C:\Users\pawan.singh\AppData\Roaming\npm\node_modules\protractor\node_modules\selenium-webdriver\lib\promise.js:2927:27)</stack-trace>
            </failure>
        </test-case>
        <test-case start='1537787876534' status='failed' stop='1537787882576'>
            <name>Login without Password</name>
            <title>Login without Password</title>
            <labels/>
            <parameters/>
            <steps/>
            <attachments>
                <attachment title='Screenshot' source='9ebaedff-61ee-4398-b0fc-36396c7c402d-attachment.png' type='image/png' size='106775'/>
            </attachments>
            <failure>
                <message>Expected Object({  }) to equal 'The Password field is required.'.</message>
                <stack-trace>Error: Failed expectation
                    at LoginPage.getErrorMessage (E:\Pawan_Project\e2e_project\e2e_venminder_poc\e2e\Pages\LoginPage.ts:27:25)
                    at UserContext.&lt;anonymous> (E:\Pawan_Project\e2e_project\e2e_venminder_poc\e2e\tests\LoginTest.ts:17:19)
                    at C:\Users\pawan.singh\AppData\Roaming\npm\node_modules\protractor\node_modules\jasminewd2\index.js:112:25
                    at new ManagedPromise (C:\Users\pawan.singh\AppData\Roaming\npm\node_modules\protractor\node_modules\selenium-webdriver\lib\promise.js:1077:7)
                    at ControlFlow.promise (C:\Users\pawan.singh\AppData\Roaming\npm\node_modules\protractor\node_modules\selenium-webdriver\lib\promise.js:2505:12)
                    at schedulerExecute (C:\Users\pawan.singh\AppData\Roaming\npm\node_modules\protractor\node_modules\jasminewd2\index.js:95:18)
                    at TaskQueue.execute_ (C:\Users\pawan.singh\AppData\Roaming\npm\node_modules\protractor\node_modules\selenium-webdriver\lib\promise.js:3084:14)
                    at TaskQueue.executeNext_ (C:\Users\pawan.singh\AppData\Roaming\npm\node_modules\protractor\node_modules\selenium-webdriver\lib\promise.js:3067:27)
                    at asyncRun (C:\Users\pawan.singh\AppData\Roaming\npm\node_modules\protractor\node_modules\selenium-webdriver\lib\promise.js:2974:25)</stack-trace>
            </failure>
        </test-case>
        <test-case start='1537787882576' status='passed' stop='1537787915420'>
            <name>Login with valid Username and Password</name>
            <title>Login with valid Username and Password</title>
            <labels/>
            <parameters/>
            <steps/>
            <attachments>
                <attachment title='Screenshot' source='986115b1-212a-40c9-8bbf-fda5a7426e09-attachment.png' type='image/png' size='242058'/>
            </attachments>
        </test-case>
    </test-cases>
</ns2:test-suite>