<?xml version='1.0'?>
<ns2:test-suite xmlns:ns2='urn:model.allure.qatools.yandex.ru' start='1537788368733' stop='1537788420995'>
    <name>Automate Login Functionality with all possible scenario</name>
    <title>Automate Login Functionality with all possible scenario</title>
    <test-cases>
        <test-case start='1537788368734' status='failed' stop='1537788381026'>
            <name>Login without Username</name>
            <title>Login without Username</title>
            <labels/>
            <parameters/>
            <steps/>
            <attachments>
                <attachment title='Screenshot' source='aaea5407-b458-4bcd-ac98-2b4a13e34b0b-attachment.png' type='image/png' size='99845'/>
            </attachments>
            <failure>
                <message>Expected undefined to equal 'The Username field is required.'.</message>
                <stack-trace>Error: Failed expectation
                    at LoginPage.getErrorMessage (E:\Pawan_Project\e2e_project\e2e_venminder_poc\e2e\Pages\LoginPage.ts:27:25)
                    at UserContext.&lt;anonymous> (E:\Pawan_Project\e2e_project\e2e_venminder_poc\e2e\tests\LoginTest.ts:10:19)
                    at C:\Users\pawan.singh\AppData\Roaming\npm\node_modules\protractor\node_modules\jasminewd2\index.js:112:25
                    at new ManagedPromise (C:\Users\pawan.singh\AppData\Roaming\npm\node_modules\protractor\node_modules\selenium-webdriver\lib\promise.js:1077:7)
                    at ControlFlow.promise (C:\Users\pawan.singh\AppData\Roaming\npm\node_modules\protractor\node_modules\selenium-webdriver\lib\promise.js:2505:12)
                    at schedulerExecute (C:\Users\pawan.singh\AppData\Roaming\npm\node_modules\protractor\node_modules\jasminewd2\index.js:95:18)
                    at TaskQueue.execute_ (C:\Users\pawan.singh\AppData\Roaming\npm\node_modules\protractor\node_modules\selenium-webdriver\lib\promise.js:3084:14)
                    at TaskQueue.executeNext_ (C:\Users\pawan.singh\AppData\Roaming\npm\node_modules\protractor\node_modules\selenium-webdriver\lib\promise.js:3067:27)
                    at asyncRun (C:\Users\pawan.singh\AppData\Roaming\npm\node_modules\protractor\node_modules\selenium-webdriver\lib\promise.js:2927:27)</stack-trace>
            </failure>
        </test-case>
        <test-case start='1537788381026' status='failed' stop='1537788387096'>
            <name>Login without Password</name>
            <title>Login without Password</title>
            <labels/>
            <parameters/>
            <steps/>
            <attachments>
                <attachment title='Screenshot' source='a9dc096d-90f1-4be3-821f-d2b819d15d70-attachment.png' type='image/png' size='99845'/>
            </attachments>
            <failure>
                <message>Expected undefined to equal 'The Password field is required.'.</message>
                <stack-trace>Error: Failed expectation
                    at LoginPage.getErrorMessage (E:\Pawan_Project\e2e_project\e2e_venminder_poc\e2e\Pages\LoginPage.ts:27:25)
                    at UserContext.&lt;anonymous> (E:\Pawan_Project\e2e_project\e2e_venminder_poc\e2e\tests\LoginTest.ts:17:19)
                    at C:\Users\pawan.singh\AppData\Roaming\npm\node_modules\protractor\node_modules\jasminewd2\index.js:112:25
                    at new ManagedPromise (C:\Users\pawan.singh\AppData\Roaming\npm\node_modules\protractor\node_modules\selenium-webdriver\lib\promise.js:1077:7)
                    at ControlFlow.promise (C:\Users\pawan.singh\AppData\Roaming\npm\node_modules\protractor\node_modules\selenium-webdriver\lib\promise.js:2505:12)
                    at schedulerExecute (C:\Users\pawan.singh\AppData\Roaming\npm\node_modules\protractor\node_modules\jasminewd2\index.js:95:18)
                    at TaskQueue.execute_ (C:\Users\pawan.singh\AppData\Roaming\npm\node_modules\protractor\node_modules\selenium-webdriver\lib\promise.js:3084:14)
                    at TaskQueue.executeNext_ (C:\Users\pawan.singh\AppData\Roaming\npm\node_modules\protractor\node_modules\selenium-webdriver\lib\promise.js:3067:27)
                    at asyncRun (C:\Users\pawan.singh\AppData\Roaming\npm\node_modules\protractor\node_modules\selenium-webdriver\lib\promise.js:2974:25)</stack-trace>
            </failure>
        </test-case>
        <test-case start='1537788387096' status='passed' stop='1537788420994'>
            <name>Login with valid Username and Password</name>
            <title>Login with valid Username and Password</title>
            <labels/>
            <parameters/>
            <steps/>
            <attachments>
                <attachment title='Screenshot' source='30ad9268-8dd6-4984-b2f8-c5738177d0d0-attachment.png' type='image/png' size='107907'/>
            </attachments>
        </test-case>
    </test-cases>
</ns2:test-suite>